[2025-11-24 23:15:18.512] [167023] [HailoRT] [info] [vdevice.cpp:523] [create] Creating vdevice with params: device_count: 1, scheduling_algorithm: NONE, multi_process_service: false
[2025-11-24 23:15:18.523] [167023] [HailoRT] [info] [device.cpp:49] [Device] OS Version: Linux 6.12.34+rpt-rpi-2712 #1 SMP PREEMPT Debian 1:6.12.34-1+rpt1~bookworm (2025-06-26) aarch64
[2025-11-24 23:15:18.525] [167023] [HailoRT] [info] [control.cpp:108] [control__parse_identify_results] firmware_version is: 4.20.0
[2025-11-24 23:15:18.525] [167023] [HailoRT] [info] [vdevice.cpp:651] [create] VDevice Infos: 0001:01:00.0
[2025-11-24 23:15:18.534] [167023] [HailoRT] [info] [internal_buffer_manager.cpp:204] [print_execution_results] Planned internal buffer memory: CMA memory 0, user memory 2277888. memory to edge layer usage factor is 1
[2025-11-24 23:15:18.534] [167023] [HailoRT] [info] [internal_buffer_manager.cpp:212] [print_execution_results] Default Internal buffer planner executed successfully
[2025-11-24 23:15:18.572] [167023] [HailoRT] [info] [device_internal.cpp:57] [configure] Configuring HEF took 47.079761 milliseconds
[2025-11-24 23:15:18.572] [167023] [HailoRT] [info] [vdevice.cpp:749] [configure] Configuring HEF on VDevice took 47.514172 milliseconds
[2025-11-24 23:15:18.575] [167023] [HailoRT] [info] [control.cpp:108] [control__parse_identify_results] firmware_version is: 4.20.0
[2025-11-24 23:15:18.577] [167023] [HailoRT] [info] [control.cpp:108] [control__parse_identify_results] firmware_version is: 4.20.0
[2025-11-24 23:15:18.578] [167023] [HailoRT] [info] [core_op.cpp:156] [activate] Activating yolov8s took 0.58832 milliseconds. Note that the function is asynchronous and thus the network is not fully activated yet.
[2025-11-24 23:15:18.578] [167023] [HailoRT] [info] [core_op.cpp:156] [activate] Activating yolov8s took 0.623542 milliseconds. Note that the function is asynchronous and thus the network is not fully activated yet.
[2025-11-24 23:15:18.593] [167023] [HailoRT] [info] [control.cpp:108] [control__parse_identify_results] firmware_version is: 4.20.0
[2025-11-24 23:15:18.596] [167023] [HailoRT] [info] [control.cpp:108] [control__parse_identify_results] firmware_version is: 4.20.0
[2025-11-24 23:15:33.596] [167055] [HailoRT] [info] [vdevice_native_stream.cpp:331] [read_impl] Failed read from stream HAILO_STREAM_ABORT(63) (device: 0001:01:00.0)
[2025-11-24 23:15:33.596] [167053] [HailoRT] [info] [vdevice_native_stream.cpp:331] [read_impl] Failed read from stream HAILO_STREAM_ABORT(63) (device: 0001:01:00.0)
[2025-11-24 23:15:33.596] [167056] [HailoRT] [info] [vdevice_native_stream.cpp:142] [write_impl] Failed write to stream yolov8s/input_layer1 (device: 0001:01:00.0) with status=HAILO_STREAM_ABORT(63)
[2025-11-24 23:15:33.596] [167052] [HailoRT] [info] [vdevice_native_stream.cpp:331] [read_impl] Failed read from stream HAILO_STREAM_ABORT(63) (device: 0001:01:00.0)
[2025-11-24 23:15:33.597] [167050] [HailoRT] [info] [vdevice_native_stream.cpp:331] [read_impl] Failed read from stream HAILO_STREAM_ABORT(63) (device: 0001:01:00.0)
[2025-11-24 23:15:33.597] [167051] [HailoRT] [info] [vdevice_native_stream.cpp:331] [read_impl] Failed read from stream HAILO_STREAM_ABORT(63) (device: 0001:01:00.0)
[2025-11-24 23:15:33.597] [167054] [HailoRT] [info] [vdevice_native_stream.cpp:331] [read_impl] Failed read from stream HAILO_STREAM_ABORT(63) (device: 0001:01:00.0)
[2025-11-24 23:15:33.604] [167023] [HailoRT] [info] [core_op.cpp:186] [deactivate] Deactivating took 0.013167 ms
[2025-11-24 23:15:33.604] [167023] [HailoRT] [info] [core_op.cpp:186] [deactivate] Deactivating took 0.059574 ms
[2025-11-24 23:15:33.838] [167023] [HailoRT] [info] [vdevice.cpp:523] [create] Creating vdevice with params: device_count: 1, scheduling_algorithm: NONE, multi_process_service: false
[2025-11-24 23:15:33.851] [167023] [HailoRT] [info] [device.cpp:49] [Device] OS Version: Linux 6.12.34+rpt-rpi-2712 #1 SMP PREEMPT Debian 1:6.12.34-1+rpt1~bookworm (2025-06-26) aarch64
[2025-11-24 23:15:33.853] [167023] [HailoRT] [info] [control.cpp:108] [control__parse_identify_results] firmware_version is: 4.20.0
[2025-11-24 23:15:33.853] [167023] [HailoRT] [info] [vdevice.cpp:651] [create] VDevice Infos: 0001:01:00.0
[2025-11-24 23:15:33.860] [167023] [HailoRT] [info] [internal_buffer_manager.cpp:204] [print_execution_results] Planned internal buffer memory: CMA memory 0, user memory 2277888. memory to edge layer usage factor is 1
[2025-11-24 23:15:33.860] [167023] [HailoRT] [info] [internal_buffer_manager.cpp:212] [print_execution_results] Default Internal buffer planner executed successfully
[2025-11-24 23:15:33.890] [167023] [HailoRT] [info] [device_internal.cpp:57] [configure] Configuring HEF took 36.709961 milliseconds
[2025-11-24 23:15:33.890] [167023] [HailoRT] [info] [vdevice.cpp:749] [configure] Configuring HEF on VDevice took 37.102223 milliseconds
[2025-11-24 23:15:33.892] [167023] [HailoRT] [info] [control.cpp:108] [control__parse_identify_results] firmware_version is: 4.20.0
[2025-11-24 23:15:33.893] [167023] [HailoRT] [info] [control.cpp:108] [control__parse_identify_results] firmware_version is: 4.20.0
[2025-11-24 23:15:33.894] [167023] [HailoRT] [info] [core_op.cpp:156] [activate] Activating yolov8s took 0.509115 milliseconds. Note that the function is asynchronous and thus the network is not fully activated yet.
[2025-11-24 23:15:33.894] [167023] [HailoRT] [info] [core_op.cpp:156] [activate] Activating yolov8s took 0.526041 milliseconds. Note that the function is asynchronous and thus the network is not fully activated yet.
[2025-11-24 23:15:33.908] [167023] [HailoRT] [info] [control.cpp:108] [control__parse_identify_results] firmware_version is: 4.20.0
[2025-11-24 23:15:33.910] [167023] [HailoRT] [info] [control.cpp:108] [control__parse_identify_results] firmware_version is: 4.20.0
[2025-11-24 23:15:33.910] [167023] [HailoRT] [info] [edge_elements.cpp:52] [create] Created (HwWriteEl3yolov8s/input_layer1 | hw_frame_size: 1228800)
[2025-11-24 23:15:33.910] [167023] [HailoRT] [info] [queue_elements.cpp:284] [create] Created (PushQEl3yolov8s/input_layer1 | timeout: 10s)
[2025-11-24 23:15:33.910] [167023] [HailoRT] [info] [filter_elements.cpp:101] [create] Created (PreInferEl3yolov8s/input_layer1 | Reorder - src_order: NHWC, src_shape: (640, 640, 3), dst_order: NHCW, dst_shape: (640, 640, 3))
[2025-11-24 23:15:33.911] [167023] [HailoRT] [info] [vstream.cpp:754] [InputVStreamImpl] Creating yolov8s/input_layer1...
[2025-11-24 23:15:33.911] [167023] [HailoRT] [info] [vstream_builder.cpp:102] [create_inputs] Input pipeline 'yolov8s/input_layer1': (PreInferEl3yolov8s/input_layer1 | Reorder - src_order: NHWC, src_shape: (640, 640, 3), dst_order: NHCW, dst_shape: (640, 640, 3)) >> (PushQEl3yolov8s/input_layer1 | timeout: 10s) >> (HwWriteEl3yolov8s/input_layer1 | hw_frame_size: 1228800) >> HW
[2025-11-24 23:15:33.911] [167023] [HailoRT] [info] [multi_io_elements.cpp:135] [create] Created (NmsPPMuxEl0YOLOV8-Post-Process | Op YOLOV8, Name: YOLOV8-Post-Process, Score threshold: 0.200, IoU threshold: 0.70, Classes: 80, Cross classes: false, NMS results order: BY_CLASS, Max bboxes per class: 100, Image height: 640, Image width: 640)
[2025-11-24 23:15:33.911] [167023] [HailoRT] [info] [edge_elements.cpp:287] [create] Created (HwReadEl9yolov8s/conv41_97 | hw_frame_size: 409600)
[2025-11-24 23:15:33.911] [167023] [HailoRT] [info] [queue_elements.cpp:657] [create] Created (PullQEl_nms9yolov8s/conv41_97 | timeout: 10s)
[2025-11-24 23:15:33.911] [167023] [HailoRT] [info] [edge_elements.cpp:287] [create] Created (HwReadEl7yolov8s/conv42_97 | hw_frame_size: 512000)
[2025-11-24 23:15:33.911] [167023] [HailoRT] [info] [queue_elements.cpp:657] [create] Created (PullQEl_nms7yolov8s/conv42_97 | timeout: 10s)
[2025-11-24 23:15:33.911] [167023] [HailoRT] [info] [edge_elements.cpp:287] [create] Created (HwReadEl1yolov8s/conv52_97 | hw_frame_size: 102400)
[2025-11-24 23:15:33.911] [167023] [HailoRT] [info] [queue_elements.cpp:657] [create] Created (PullQEl_nms1yolov8s/conv52_97 | timeout: 10s)
[2025-11-24 23:15:33.911] [167023] [HailoRT] [info] [edge_elements.cpp:287] [create] Created (HwReadEl0yolov8s/conv53_97 | hw_frame_size: 128000)
[2025-11-24 23:15:33.911] [167023] [HailoRT] [info] [queue_elements.cpp:657] [create] Created (PullQEl_nms0yolov8s/conv53_97 | timeout: 10s)
[2025-11-24 23:15:33.911] [167023] [HailoRT] [info] [edge_elements.cpp:287] [create] Created (HwReadEl3yolov8s/conv62_97 | hw_frame_size: 30720)
[2025-11-24 23:15:33.911] [167023] [HailoRT] [info] [queue_elements.cpp:657] [create] Created (PullQEl_nms3yolov8s/conv62_97 | timeout: 10s)
[2025-11-24 23:15:33.911] [167023] [HailoRT] [info] [edge_elements.cpp:287] [create] Created (HwReadEl2yolov8s/conv63_97 | hw_frame_size: 38400)
[2025-11-24 23:15:33.912] [167023] [HailoRT] [info] [queue_elements.cpp:657] [create] Created (PullQEl_nms2yolov8s/conv63_97 | timeout: 10s)
[2025-11-24 23:15:33.912] [167023] [HailoRT] [info] [queue_elements.cpp:800] [create] Created (UserBufQEl_post_infer0yolov8s/yolov8_nms_postprocess | timeout: 10s)
[2025-11-24 23:15:33.912] [167023] [HailoRT] [info] [vstream.cpp:1114] [OutputVStreamImpl] Creating yolov8s/yolov8_nms_postprocess...
[2025-11-24 23:15:33.912] [167023] [HailoRT] [info] [vstream_builder.cpp:622] [create_output_post_process_nms] Output pipeline 'yolov8s/yolov8_nms_postprocess': HW >> (HwReadEl9yolov8s/conv41_97 | hw_frame_size: 409600) >> (PullQEl_nms9yolov8s/conv41_97) >> (HwReadEl7yolov8s/conv42_97 | hw_frame_size: 512000) >> (PullQEl_nms7yolov8s/conv42_97) >> (HwReadEl1yolov8s/conv52_97 | hw_frame_size: 102400) >> (PullQEl_nms1yolov8s/conv52_97) >> (HwReadEl0yolov8s/conv53_97 | hw_frame_size: 128000) >> (PullQEl_nms0yolov8s/conv53_97) >> (HwReadEl3yolov8s/conv62_97 | hw_frame_size: 30720) >> (PullQEl_nms3yolov8s/conv62_97) >> (HwReadEl2yolov8s/conv63_97 | hw_frame_size: 38400) >> (PullQEl_nms2yolov8s/conv63_97) >> (NmsPPMuxEl0YOLOV8-Post-Process | Op YOLOV8, Name: YOLOV8-Post-Process, Score threshold: 0.200, IoU threshold: 0.70, Classes: 80, Cross classes: false, NMS results order: BY_CLASS, Max bboxes per class: 100, Image height: 640, Image width: 640) >> (UserBufQEl_post_infer0yolov8s/yolov8_nms_postprocess | timeout: 10s)
[2025-11-24 23:15:48.912] [167151] [HailoRT] [info] [vdevice_native_stream.cpp:331] [read_impl] Failed read from stream HAILO_STREAM_ABORT(63) (device: 0001:01:00.0)
[2025-11-24 23:15:48.912] [167150] [HailoRT] [info] [vdevice_native_stream.cpp:142] [write_impl] Failed write to stream yolov8s/input_layer1 (device: 0001:01:00.0) with status=HAILO_STREAM_ABORT(63)
[2025-11-24 23:15:48.912] [167151] [HailoRT] [info] [edge_elements.cpp:396] [run_pull] Reading from stream was aborted!
[2025-11-24 23:15:48.912] [167153] [HailoRT] [info] [vdevice_native_stream.cpp:331] [read_impl] Failed read from stream HAILO_STREAM_ABORT(63) (device: 0001:01:00.0)
[2025-11-24 23:15:48.912] [167152] [HailoRT] [info] [vdevice_native_stream.cpp:331] [read_impl] Failed read from stream HAILO_STREAM_ABORT(63) (device: 0001:01:00.0)
[2025-11-24 23:15:48.912] [167151] [HailoRT] [info] [queue_elements.cpp:738] [run_in_thread] run_pull of queue element PullQEl_nms9yolov8s/conv41_97 was aborted!
[2025-11-24 23:15:48.912] [167150] [HailoRT] [info] [edge_elements.cpp:87] [run_push] Failed to send on input stream InputStream(index=3, name=yolov8s/input_layer1) because stream was aborted
[2025-11-24 23:15:48.912] [167152] [HailoRT] [info] [edge_elements.cpp:396] [run_pull] Reading from stream was aborted!
[2025-11-24 23:15:48.912] [167154] [HailoRT] [info] [vdevice_native_stream.cpp:331] [read_impl] Failed read from stream HAILO_STREAM_ABORT(63) (device: 0001:01:00.0)
[2025-11-24 23:15:48.912] [167154] [HailoRT] [info] [edge_elements.cpp:396] [run_pull] Reading from stream was aborted!
[2025-11-24 23:15:48.912] [167155] [HailoRT] [info] [vdevice_native_stream.cpp:331] [read_impl] Failed read from stream HAILO_STREAM_ABORT(63) (device: 0001:01:00.0)
[2025-11-24 23:15:48.912] [167154] [HailoRT] [info] [queue_elements.cpp:738] [run_in_thread] run_pull of queue element PullQEl_nms0yolov8s/conv53_97 was aborted!
[2025-11-24 23:15:48.912] [167150] [HailoRT] [info] [queue_elements.cpp:401] [run_in_thread] run_push of PushQEl3yolov8s/input_layer1 was aborted!
[2025-11-24 23:15:48.912] [167156] [HailoRT] [info] [vdevice_native_stream.cpp:331] [read_impl] Failed read from stream HAILO_STREAM_ABORT(63) (device: 0001:01:00.0)
[2025-11-24 23:15:48.912] [167156] [HailoRT] [info] [edge_elements.cpp:396] [run_pull] Reading from stream was aborted!
[2025-11-24 23:15:48.912] [167153] [HailoRT] [info] [edge_elements.cpp:396] [run_pull] Reading from stream was aborted!
[2025-11-24 23:15:48.912] [167156] [HailoRT] [info] [queue_elements.cpp:738] [run_in_thread] run_pull of queue element PullQEl_nms2yolov8s/conv63_97 was aborted!
[2025-11-24 23:15:48.912] [167153] [HailoRT] [info] [queue_elements.cpp:738] [run_in_thread] run_pull of queue element PullQEl_nms1yolov8s/conv52_97 was aborted!
[2025-11-24 23:15:48.912] [167155] [HailoRT] [info] [edge_elements.cpp:396] [run_pull] Reading from stream was aborted!
[2025-11-24 23:15:48.912] [167155] [HailoRT] [info] [queue_elements.cpp:738] [run_in_thread] run_pull of queue element PullQEl_nms3yolov8s/conv62_97 was aborted!
[2025-11-24 23:15:48.912] [167152] [HailoRT] [info] [queue_elements.cpp:738] [run_in_thread] run_pull of queue element PullQEl_nms7yolov8s/conv42_97 was aborted!
[2025-11-24 23:15:48.912] [167160] [HailoRT] [info] [queue_elements.cpp:706] [run_pull] Shutdown event was signaled in dequeue of queue element PullQEl_nms9yolov8s/conv41_97!
[2025-11-24 23:15:48.912] [167160] [HailoRT] [info] [vstream.cpp:1138] [read] Receiving to VStream was shutdown!
[2025-11-24 23:15:48.913] [167161] [HailoRT] [info] [queue_elements.cpp:319] [run_push] run_push of PushQEl3yolov8s/input_layer1 was aborted!
[2025-11-24 23:15:48.913] [167161] [HailoRT] [info] [filter_elements.cpp:35] [run_push] run_push of PreInferEl3yolov8s/input_layer1 was aborted!
[2025-11-24 23:15:48.913] [167161] [HailoRT] [info] [vstream.cpp:778] [write] Sending to VStream was aborted!
[2025-11-24 23:15:48.914] [167023] [HailoRT] [info] [queue_elements.cpp:360] [execute_deactivate] enqueue() in element PushQEl3yolov8s/input_layer1 was aborted, got status = HAILO_SHUTDOWN_EVENT_SIGNALED(57)
[2025-11-24 23:15:48.914] [167150] [HailoRT] [info] [queue_elements.cpp:68] [operator()] Thread in element PushQEl3yolov8s/input_layer1 is not running anymore, exiting..
[2025-11-24 23:15:48.914] [167023] [HailoRT] [info] [queue_elements.cpp:46] [~BaseQueueElement] Queue element PushQEl3yolov8s/input_layer1 has 1 frames in his Queue on destruction
[2025-11-24 23:15:48.914] [167157] [HailoRT] [info] [queue_elements.cpp:68] [operator()] Thread in element UserBufQEl_post_infer0yolov8s/yolov8_nms_postprocess is not running anymore, exiting..
[2025-11-24 23:15:48.914] [167023] [HailoRT] [info] [queue_elements.cpp:46] [~BaseQueueElement] Queue element UserBufQEl_post_infer0yolov8s/yolov8_nms_postprocess has 0 frames in his Queue on destruction
[2025-11-24 23:15:48.914] [167156] [HailoRT] [info] [queue_elements.cpp:68] [operator()] Thread in element PullQEl_nms2yolov8s/conv63_97 is not running anymore, exiting..
[2025-11-24 23:15:48.914] [167023] [HailoRT] [info] [queue_elements.cpp:46] [~BaseQueueElement] Queue element PullQEl_nms2yolov8s/conv63_97 has 0 frames in his Queue on destruction
[2025-11-24 23:15:48.914] [167155] [HailoRT] [info] [queue_elements.cpp:68] [operator()] Thread in element PullQEl_nms3yolov8s/conv62_97 is not running anymore, exiting..
[2025-11-24 23:15:48.914] [167023] [HailoRT] [info] [queue_elements.cpp:46] [~BaseQueueElement] Queue element PullQEl_nms3yolov8s/conv62_97 has 0 frames in his Queue on destruction
[2025-11-24 23:15:48.914] [167154] [HailoRT] [info] [queue_elements.cpp:68] [operator()] Thread in element PullQEl_nms0yolov8s/conv53_97 is not running anymore, exiting..
[2025-11-24 23:15:48.914] [167023] [HailoRT] [info] [queue_elements.cpp:46] [~BaseQueueElement] Queue element PullQEl_nms0yolov8s/conv53_97 has 0 frames in his Queue on destruction
[2025-11-24 23:15:48.914] [167153] [HailoRT] [info] [queue_elements.cpp:68] [operator()] Thread in element PullQEl_nms1yolov8s/conv52_97 is not running anymore, exiting..
[2025-11-24 23:15:48.914] [167023] [HailoRT] [info] [queue_elements.cpp:46] [~BaseQueueElement] Queue element PullQEl_nms1yolov8s/conv52_97 has 0 frames in his Queue on destruction
[2025-11-24 23:15:48.914] [167152] [HailoRT] [info] [queue_elements.cpp:68] [operator()] Thread in element PullQEl_nms7yolov8s/conv42_97 is not running anymore, exiting..
[2025-11-24 23:15:48.914] [167023] [HailoRT] [info] [queue_elements.cpp:46] [~BaseQueueElement] Queue element PullQEl_nms7yolov8s/conv42_97 has 0 frames in his Queue on destruction
[2025-11-24 23:15:48.914] [167151] [HailoRT] [info] [queue_elements.cpp:68] [operator()] Thread in element PullQEl_nms9yolov8s/conv41_97 is not running anymore, exiting..
[2025-11-24 23:15:48.914] [167023] [HailoRT] [info] [queue_elements.cpp:46] [~BaseQueueElement] Queue element PullQEl_nms9yolov8s/conv41_97 has 0 frames in his Queue on destruction
[2025-11-24 23:15:48.915] [167023] [HailoRT] [info] [core_op.cpp:186] [deactivate] Deactivating took 0.011963 ms
[2025-11-24 23:15:48.915] [167023] [HailoRT] [info] [core_op.cpp:186] [deactivate] Deactivating took 0.026556 ms
[2025-11-24 23:15:49.152] [167023] [HailoRT] [info] [vdevice.cpp:523] [create] Creating vdevice with params: device_count: 1, scheduling_algorithm: NONE, multi_process_service: false
[2025-11-24 23:15:49.165] [167023] [HailoRT] [info] [device.cpp:49] [Device] OS Version: Linux 6.12.34+rpt-rpi-2712 #1 SMP PREEMPT Debian 1:6.12.34-1+rpt1~bookworm (2025-06-26) aarch64
[2025-11-24 23:15:49.167] [167023] [HailoRT] [info] [control.cpp:108] [control__parse_identify_results] firmware_version is: 4.20.0
[2025-11-24 23:15:49.167] [167023] [HailoRT] [info] [vdevice.cpp:651] [create] VDevice Infos: 0001:01:00.0
[2025-11-24 23:15:49.174] [167023] [HailoRT] [info] [internal_buffer_manager.cpp:204] [print_execution_results] Planned internal buffer memory: CMA memory 0, user memory 2277888. memory to edge layer usage factor is 1
[2025-11-24 23:15:49.174] [167023] [HailoRT] [info] [internal_buffer_manager.cpp:212] [print_execution_results] Default Internal buffer planner executed successfully
[2025-11-24 23:15:49.207] [167023] [HailoRT] [info] [device_internal.cpp:57] [configure] Configuring HEF took 39.662465 milliseconds
[2025-11-24 23:15:49.207] [167023] [HailoRT] [info] [vdevice.cpp:749] [configure] Configuring HEF on VDevice took 40.062875 milliseconds
[2025-11-24 23:15:49.209] [167023] [HailoRT] [info] [control.cpp:108] [control__parse_identify_results] firmware_version is: 4.20.0
[2025-11-24 23:15:49.212] [167023] [HailoRT] [info] [control.cpp:108] [control__parse_identify_results] firmware_version is: 4.20.0
[2025-11-24 23:15:49.212] [167023] [HailoRT] [info] [core_op.cpp:156] [activate] Activating yolov8s took 0.577116 milliseconds. Note that the function is asynchronous and thus the network is not fully activated yet.
[2025-11-24 23:15:49.212] [167023] [HailoRT] [info] [core_op.cpp:156] [activate] Activating yolov8s took 0.603523 milliseconds. Note that the function is asynchronous and thus the network is not fully activated yet.
[2025-11-24 23:15:49.228] [167023] [HailoRT] [info] [control.cpp:108] [control__parse_identify_results] firmware_version is: 4.20.0
[2025-11-24 23:15:49.229] [167023] [HailoRT] [info] [control.cpp:108] [control__parse_identify_results] firmware_version is: 4.20.0
[2025-11-24 23:15:49.229] [167023] [HailoRT] [info] [edge_elements.cpp:52] [create] Created (HwWriteEl3yolov8s/input_layer1 | hw_frame_size: 1228800)
[2025-11-24 23:15:49.229] [167023] [HailoRT] [info] [queue_elements.cpp:284] [create] Created (PushQEl3yolov8s/input_layer1 | timeout: 10s)
[2025-11-24 23:15:49.229] [167023] [HailoRT] [info] [filter_elements.cpp:101] [create] Created (PreInferEl3yolov8s/input_layer1 | Reorder - src_order: NHWC, src_shape: (640, 640, 3), dst_order: NHCW, dst_shape: (640, 640, 3))
[2025-11-24 23:15:49.229] [167023] [HailoRT] [info] [vstream.cpp:754] [InputVStreamImpl] Creating yolov8s/input_layer1...
[2025-11-24 23:15:49.229] [167023] [HailoRT] [info] [vstream_builder.cpp:102] [create_inputs] Input pipeline 'yolov8s/input_layer1': (PreInferEl3yolov8s/input_layer1 | Reorder - src_order: NHWC, src_shape: (640, 640, 3), dst_order: NHCW, dst_shape: (640, 640, 3)) >> (PushQEl3yolov8s/input_layer1 | timeout: 10s) >> (HwWriteEl3yolov8s/input_layer1 | hw_frame_size: 1228800) >> HW
[2025-11-24 23:15:49.229] [167023] [HailoRT] [info] [multi_io_elements.cpp:135] [create] Created (NmsPPMuxEl0YOLOV8-Post-Process | Op YOLOV8, Name: YOLOV8-Post-Process, Score threshold: 0.200, IoU threshold: 0.70, Classes: 80, Cross classes: false, NMS results order: BY_CLASS, Max bboxes per class: 100, Image height: 640, Image width: 640)
[2025-11-24 23:15:49.229] [167023] [HailoRT] [info] [edge_elements.cpp:287] [create] Created (HwReadEl9yolov8s/conv41_97 | hw_frame_size: 409600)
[2025-11-24 23:15:49.230] [167023] [HailoRT] [info] [queue_elements.cpp:657] [create] Created (PullQEl_nms9yolov8s/conv41_97 | timeout: 10s)
[2025-11-24 23:15:49.230] [167023] [HailoRT] [info] [edge_elements.cpp:287] [create] Created (HwReadEl7yolov8s/conv42_97 | hw_frame_size: 512000)
[2025-11-24 23:15:49.230] [167023] [HailoRT] [info] [queue_elements.cpp:657] [create] Created (PullQEl_nms7yolov8s/conv42_97 | timeout: 10s)
[2025-11-24 23:15:49.230] [167023] [HailoRT] [info] [edge_elements.cpp:287] [create] Created (HwReadEl1yolov8s/conv52_97 | hw_frame_size: 102400)
[2025-11-24 23:15:49.230] [167023] [HailoRT] [info] [queue_elements.cpp:657] [create] Created (PullQEl_nms1yolov8s/conv52_97 | timeout: 10s)
[2025-11-24 23:15:49.230] [167023] [HailoRT] [info] [edge_elements.cpp:287] [create] Created (HwReadEl0yolov8s/conv53_97 | hw_frame_size: 128000)
[2025-11-24 23:15:49.230] [167023] [HailoRT] [info] [queue_elements.cpp:657] [create] Created (PullQEl_nms0yolov8s/conv53_97 | timeout: 10s)
[2025-11-24 23:15:49.230] [167023] [HailoRT] [info] [edge_elements.cpp:287] [create] Created (HwReadEl3yolov8s/conv62_97 | hw_frame_size: 30720)
[2025-11-24 23:15:49.230] [167023] [HailoRT] [info] [queue_elements.cpp:657] [create] Created (PullQEl_nms3yolov8s/conv62_97 | timeout: 10s)
[2025-11-24 23:15:49.230] [167023] [HailoRT] [info] [edge_elements.cpp:287] [create] Created (HwReadEl2yolov8s/conv63_97 | hw_frame_size: 38400)
[2025-11-24 23:15:49.231] [167023] [HailoRT] [info] [queue_elements.cpp:657] [create] Created (PullQEl_nms2yolov8s/conv63_97 | timeout: 10s)
[2025-11-24 23:15:49.231] [167023] [HailoRT] [info] [queue_elements.cpp:800] [create] Created (UserBufQEl_post_infer0yolov8s/yolov8_nms_postprocess | timeout: 10s)
[2025-11-24 23:15:49.231] [167023] [HailoRT] [info] [vstream.cpp:1114] [OutputVStreamImpl] Creating yolov8s/yolov8_nms_postprocess...
[2025-11-24 23:15:49.231] [167023] [HailoRT] [info] [vstream_builder.cpp:622] [create_output_post_process_nms] Output pipeline 'yolov8s/yolov8_nms_postprocess': HW >> (HwReadEl9yolov8s/conv41_97 | hw_frame_size: 409600) >> (PullQEl_nms9yolov8s/conv41_97) >> (HwReadEl7yolov8s/conv42_97 | hw_frame_size: 512000) >> (PullQEl_nms7yolov8s/conv42_97) >> (HwReadEl1yolov8s/conv52_97 | hw_frame_size: 102400) >> (PullQEl_nms1yolov8s/conv52_97) >> (HwReadEl0yolov8s/conv53_97 | hw_frame_size: 128000) >> (PullQEl_nms0yolov8s/conv53_97) >> (HwReadEl3yolov8s/conv62_97 | hw_frame_size: 30720) >> (PullQEl_nms3yolov8s/conv62_97) >> (HwReadEl2yolov8s/conv63_97 | hw_frame_size: 38400) >> (PullQEl_nms2yolov8s/conv63_97) >> (NmsPPMuxEl0YOLOV8-Post-Process | Op YOLOV8, Name: YOLOV8-Post-Process, Score threshold: 0.200, IoU threshold: 0.70, Classes: 80, Cross classes: false, NMS results order: BY_CLASS, Max bboxes per class: 100, Image height: 640, Image width: 640) >> (UserBufQEl_post_infer0yolov8s/yolov8_nms_postprocess | timeout: 10s)
[2025-11-24 23:16:04.231] [167214] [HailoRT] [info] [vdevice_native_stream.cpp:331] [read_impl] Failed read from stream HAILO_STREAM_ABORT(63) (device: 0001:01:00.0)
[2025-11-24 23:16:04.231] [167214] [HailoRT] [info] [edge_elements.cpp:396] [run_pull] Reading from stream was aborted!
[2025-11-24 23:16:04.231] [167213] [HailoRT] [info] [vdevice_native_stream.cpp:331] [read_impl] Failed read from stream HAILO_STREAM_ABORT(63) (device: 0001:01:00.0)
[2025-11-24 23:16:04.231] [167214] [HailoRT] [info] [queue_elements.cpp:738] [run_in_thread] run_pull of queue element PullQEl_nms7yolov8s/conv42_97 was aborted!
[2025-11-24 23:16:04.231] [167213] [HailoRT] [info] [edge_elements.cpp:396] [run_pull] Reading from stream was aborted!
[2025-11-24 23:16:04.231] [167216] [HailoRT] [info] [vdevice_native_stream.cpp:331] [read_impl] Failed read from stream HAILO_STREAM_ABORT(63) (device: 0001:01:00.0)
[2025-11-24 23:16:04.231] [167216] [HailoRT] [info] [edge_elements.cpp:396] [run_pull] Reading from stream was aborted!
[2025-11-24 23:16:04.231] [167213] [HailoRT] [info] [queue_elements.cpp:738] [run_in_thread] run_pull of queue element PullQEl_nms9yolov8s/conv41_97 was aborted!
[2025-11-24 23:16:04.231] [167217] [HailoRT] [info] [vdevice_native_stream.cpp:331] [read_impl] Failed read from stream HAILO_STREAM_ABORT(63) (device: 0001:01:00.0)
[2025-11-24 23:16:04.231] [167217] [HailoRT] [info] [edge_elements.cpp:396] [run_pull] Reading from stream was aborted!
[2025-11-24 23:16:04.231] [167215] [HailoRT] [info] [vdevice_native_stream.cpp:331] [read_impl] Failed read from stream HAILO_STREAM_ABORT(63) (device: 0001:01:00.0)
[2025-11-24 23:16:04.231] [167215] [HailoRT] [info] [edge_elements.cpp:396] [run_pull] Reading from stream was aborted!
[2025-11-24 23:16:04.231] [167216] [HailoRT] [info] [queue_elements.cpp:738] [run_in_thread] run_pull of queue element PullQEl_nms0yolov8s/conv53_97 was aborted!
[2025-11-24 23:16:04.231] [167217] [HailoRT] [info] [queue_elements.cpp:738] [run_in_thread] run_pull of queue element PullQEl_nms3yolov8s/conv62_97 was aborted!
[2025-11-24 23:16:04.231] [167215] [HailoRT] [info] [queue_elements.cpp:738] [run_in_thread] run_pull of queue element PullQEl_nms1yolov8s/conv52_97 was aborted!
[2025-11-24 23:16:04.231] [167218] [HailoRT] [info] [vdevice_native_stream.cpp:331] [read_impl] Failed read from stream HAILO_STREAM_ABORT(63) (device: 0001:01:00.0)
[2025-11-24 23:16:04.231] [167218] [HailoRT] [info] [edge_elements.cpp:396] [run_pull] Reading from stream was aborted!
[2025-11-24 23:16:04.231] [167218] [HailoRT] [info] [queue_elements.cpp:738] [run_in_thread] run_pull of queue element PullQEl_nms2yolov8s/conv63_97 was aborted!
[2025-11-24 23:16:04.231] [167222] [HailoRT] [info] [queue_elements.cpp:706] [run_pull] Shutdown event was signaled in dequeue of queue element PullQEl_nms9yolov8s/conv41_97!
[2025-11-24 23:16:04.231] [167222] [HailoRT] [info] [vstream.cpp:1138] [read] Receiving to VStream was shutdown!
[2025-11-24 23:16:04.234] [167212] [HailoRT] [info] [vdevice_native_stream.cpp:142] [write_impl] Failed write to stream yolov8s/input_layer1 (device: 0001:01:00.0) with status=HAILO_STREAM_ABORT(63)
[2025-11-24 23:16:04.234] [167212] [HailoRT] [info] [edge_elements.cpp:87] [run_push] Failed to send on input stream InputStream(index=3, name=yolov8s/input_layer1) because stream was aborted
[2025-11-24 23:16:04.235] [167212] [HailoRT] [info] [queue_elements.cpp:401] [run_in_thread] run_push of PushQEl3yolov8s/input_layer1 was aborted!
[2025-11-24 23:16:04.235] [167223] [HailoRT] [info] [vstream.cpp:774] [write] Sending to VStream was shutdown!
[2025-11-24 23:16:04.235] [167223] [HailoRT] [info] [vstream.cpp:778] [write] Sending to VStream was aborted!
[2025-11-24 23:16:04.237] [167023] [HailoRT] [info] [queue_elements.cpp:360] [execute_deactivate] enqueue() in element PushQEl3yolov8s/input_layer1 was aborted, got status = HAILO_SHUTDOWN_EVENT_SIGNALED(57)
[2025-11-24 23:16:04.237] [167212] [HailoRT] [info] [queue_elements.cpp:68] [operator()] Thread in element PushQEl3yolov8s/input_layer1 is not running anymore, exiting..
[2025-11-24 23:16:04.237] [167023] [HailoRT] [info] [queue_elements.cpp:46] [~BaseQueueElement] Queue element PushQEl3yolov8s/input_layer1 has 1 frames in his Queue on destruction
[2025-11-24 23:16:04.238] [167219] [HailoRT] [info] [queue_elements.cpp:68] [operator()] Thread in element UserBufQEl_post_infer0yolov8s/yolov8_nms_postprocess is not running anymore, exiting..
[2025-11-24 23:16:04.238] [167023] [HailoRT] [info] [queue_elements.cpp:46] [~BaseQueueElement] Queue element UserBufQEl_post_infer0yolov8s/yolov8_nms_postprocess has 0 frames in his Queue on destruction
[2025-11-24 23:16:04.238] [167218] [HailoRT] [info] [queue_elements.cpp:68] [operator()] Thread in element PullQEl_nms2yolov8s/conv63_97 is not running anymore, exiting..
[2025-11-24 23:16:04.238] [167023] [HailoRT] [info] [queue_elements.cpp:46] [~BaseQueueElement] Queue element PullQEl_nms2yolov8s/conv63_97 has 0 frames in his Queue on destruction
[2025-11-24 23:16:04.238] [167217] [HailoRT] [info] [queue_elements.cpp:68] [operator()] Thread in element PullQEl_nms3yolov8s/conv62_97 is not running anymore, exiting..
[2025-11-24 23:16:04.238] [167023] [HailoRT] [info] [queue_elements.cpp:46] [~BaseQueueElement] Queue element PullQEl_nms3yolov8s/conv62_97 has 0 frames in his Queue on destruction
[2025-11-24 23:16:04.238] [167216] [HailoRT] [info] [queue_elements.cpp:68] [operator()] Thread in element PullQEl_nms0yolov8s/conv53_97 is not running anymore, exiting..
[2025-11-24 23:16:04.238] [167023] [HailoRT] [info] [queue_elements.cpp:46] [~BaseQueueElement] Queue element PullQEl_nms0yolov8s/conv53_97 has 0 frames in his Queue on destruction
[2025-11-24 23:16:04.238] [167215] [HailoRT] [info] [queue_elements.cpp:68] [operator()] Thread in element PullQEl_nms1yolov8s/conv52_97 is not running anymore, exiting..
[2025-11-24 23:16:04.238] [167023] [HailoRT] [info] [queue_elements.cpp:46] [~BaseQueueElement] Queue element PullQEl_nms1yolov8s/conv52_97 has 0 frames in his Queue on destruction
[2025-11-24 23:16:04.238] [167214] [HailoRT] [info] [queue_elements.cpp:68] [operator()] Thread in element PullQEl_nms7yolov8s/conv42_97 is not running anymore, exiting..
[2025-11-24 23:16:04.238] [167023] [HailoRT] [info] [queue_elements.cpp:46] [~BaseQueueElement] Queue element PullQEl_nms7yolov8s/conv42_97 has 0 frames in his Queue on destruction
[2025-11-24 23:16:04.238] [167213] [HailoRT] [info] [queue_elements.cpp:68] [operator()] Thread in element PullQEl_nms9yolov8s/conv41_97 is not running anymore, exiting..
[2025-11-24 23:16:04.238] [167023] [HailoRT] [info] [queue_elements.cpp:46] [~BaseQueueElement] Queue element PullQEl_nms9yolov8s/conv41_97 has 0 frames in his Queue on destruction
[2025-11-24 23:16:04.238] [167023] [HailoRT] [info] [core_op.cpp:186] [deactivate] Deactivating took 0.010963 ms
[2025-11-24 23:16:04.238] [167023] [HailoRT] [info] [core_op.cpp:186] [deactivate] Deactivating took 0.025 ms
[2025-11-24 23:16:12.355] [167286] [HailoRT] [info] [vdevice.cpp:523] [create] Creating vdevice with params: device_count: 1, scheduling_algorithm: NONE, multi_process_service: false
[2025-11-24 23:16:12.367] [167286] [HailoRT] [info] [device.cpp:49] [Device] OS Version: Linux 6.12.34+rpt-rpi-2712 #1 SMP PREEMPT Debian 1:6.12.34-1+rpt1~bookworm (2025-06-26) aarch64
[2025-11-24 23:16:12.369] [167286] [HailoRT] [info] [control.cpp:108] [control__parse_identify_results] firmware_version is: 4.20.0
[2025-11-24 23:16:12.369] [167286] [HailoRT] [info] [vdevice.cpp:651] [create] VDevice Infos: 0001:01:00.0
[2025-11-24 23:16:12.375] [167286] [HailoRT] [info] [internal_buffer_manager.cpp:204] [print_execution_results] Planned internal buffer memory: CMA memory 0, user memory 432128. memory to edge layer usage factor is 1
[2025-11-24 23:16:12.375] [167286] [HailoRT] [info] [internal_buffer_manager.cpp:212] [print_execution_results] Default Internal buffer planner executed successfully
[2025-11-24 23:16:12.409] [167286] [HailoRT] [info] [device_internal.cpp:57] [configure] Configuring HEF took 40.169784 milliseconds
[2025-11-24 23:16:12.409] [167286] [HailoRT] [info] [vdevice.cpp:749] [configure] Configuring HEF on VDevice took 40.484212 milliseconds
[2025-11-24 23:16:12.411] [167286] [HailoRT] [info] [control.cpp:108] [control__parse_identify_results] firmware_version is: 4.20.0
[2025-11-24 23:16:12.412] [167286] [HailoRT] [info] [control.cpp:108] [control__parse_identify_results] firmware_version is: 4.20.0
[2025-11-24 23:16:12.413] [167286] [HailoRT] [info] [core_op.cpp:156] [activate] Activating resnet_v1_50 took 0.223687 milliseconds. Note that the function is asynchronous and thus the network is not fully activated yet.
[2025-11-24 23:16:12.413] [167286] [HailoRT] [info] [core_op.cpp:156] [activate] Activating resnet_v1_50 took 0.241298 milliseconds. Note that the function is asynchronous and thus the network is not fully activated yet.
[2025-11-24 23:16:12.416] [167286] [HailoRT] [info] [control.cpp:108] [control__parse_identify_results] firmware_version is: 4.20.0
[2025-11-24 23:16:12.417] [167286] [HailoRT] [info] [control.cpp:108] [control__parse_identify_results] firmware_version is: 4.20.0
[2025-11-24 23:16:27.418] [167307] [HailoRT] [info] [vdevice_native_stream.cpp:142] [write_impl] Failed write to stream resnet_v1_50/input_layer1 (device: 0001:01:00.0) with status=HAILO_STREAM_ABORT(63)
[2025-11-24 23:16:27.418] [167306] [HailoRT] [info] [vdevice_native_stream.cpp:331] [read_impl] Failed read from stream HAILO_STREAM_ABORT(63) (device: 0001:01:00.0)
[2025-11-24 23:16:27.419] [167286] [HailoRT] [info] [core_op.cpp:186] [deactivate] Deactivating took 0.0095 ms
[2025-11-24 23:16:27.419] [167286] [HailoRT] [info] [core_op.cpp:186] [deactivate] Deactivating took 0.048092 ms
[2025-11-24 23:16:27.710] [167286] [HailoRT] [info] [vdevice.cpp:523] [create] Creating vdevice with params: device_count: 1, scheduling_algorithm: NONE, multi_process_service: false
[2025-11-24 23:16:27.723] [167286] [HailoRT] [info] [device.cpp:49] [Device] OS Version: Linux 6.12.34+rpt-rpi-2712 #1 SMP PREEMPT Debian 1:6.12.34-1+rpt1~bookworm (2025-06-26) aarch64
[2025-11-24 23:16:27.725] [167286] [HailoRT] [info] [control.cpp:108] [control__parse_identify_results] firmware_version is: 4.20.0
[2025-11-24 23:16:27.725] [167286] [HailoRT] [info] [vdevice.cpp:651] [create] VDevice Infos: 0001:01:00.0
[2025-11-24 23:16:27.731] [167286] [HailoRT] [info] [internal_buffer_manager.cpp:204] [print_execution_results] Planned internal buffer memory: CMA memory 0, user memory 432128. memory to edge layer usage factor is 1
[2025-11-24 23:16:27.731] [167286] [HailoRT] [info] [internal_buffer_manager.cpp:212] [print_execution_results] Default Internal buffer planner executed successfully
[2025-11-24 23:16:27.762] [167286] [HailoRT] [info] [device_internal.cpp:57] [configure] Configuring HEF took 36.49822 milliseconds
[2025-11-24 23:16:27.762] [167286] [HailoRT] [info] [vdevice.cpp:749] [configure] Configuring HEF on VDevice took 36.850074 milliseconds
[2025-11-24 23:16:27.766] [167286] [HailoRT] [info] [control.cpp:108] [control__parse_identify_results] firmware_version is: 4.20.0
[2025-11-24 23:16:27.770] [167286] [HailoRT] [info] [control.cpp:108] [control__parse_identify_results] firmware_version is: 4.20.0
[2025-11-24 23:16:27.770] [167286] [HailoRT] [info] [core_op.cpp:156] [activate] Activating resnet_v1_50 took 0.259298 milliseconds. Note that the function is asynchronous and thus the network is not fully activated yet.
[2025-11-24 23:16:27.770] [167286] [HailoRT] [info] [core_op.cpp:156] [activate] Activating resnet_v1_50 took 0.276224 milliseconds. Note that the function is asynchronous and thus the network is not fully activated yet.
[2025-11-24 23:16:27.774] [167286] [HailoRT] [info] [control.cpp:108] [control__parse_identify_results] firmware_version is: 4.20.0
[2025-11-24 23:16:27.776] [167286] [HailoRT] [info] [control.cpp:108] [control__parse_identify_results] firmware_version is: 4.20.0
[2025-11-24 23:16:27.776] [167286] [HailoRT] [info] [edge_elements.cpp:52] [create] Created (HwWriteEl3resnet_v1_50/input_layer1 | hw_frame_size: 150528)
[2025-11-24 23:16:27.776] [167286] [HailoRT] [info] [vstream.cpp:754] [InputVStreamImpl] Creating resnet_v1_50/input_layer1...
[2025-11-24 23:16:27.776] [167286] [HailoRT] [info] [vstream_builder.cpp:102] [create_inputs] Input pipeline 'resnet_v1_50/input_layer1': (HwWriteEl3resnet_v1_50/input_layer1 | hw_frame_size: 150528) >> HW
[2025-11-24 23:16:27.776] [167286] [HailoRT] [info] [edge_elements.cpp:287] [create] Created (HwReadEl0resnet_v1_50/softmax1 | hw_frame_size: 1000)
[2025-11-24 23:16:27.776] [167286] [HailoRT] [info] [queue_elements.cpp:800] [create] Created (UserBuffQEl0resnet_v1_50/softmax1 | timeout: 10s)
[2025-11-24 23:16:27.776] [167286] [HailoRT] [info] [vstream.cpp:1114] [OutputVStreamImpl] Creating resnet_v1_50/softmax1...
[2025-11-24 23:16:27.776] [167286] [HailoRT] [info] [vstream_builder.cpp:220] [create_outputs] Output pipeline 'resnet_v1_50/softmax1': HW >> (HwReadEl0resnet_v1_50/softmax1 | hw_frame_size: 1000) >> (UserBuffQEl0resnet_v1_50/softmax1 | timeout: 10s)
[2025-11-24 23:16:42.777] [167335] [HailoRT] [info] [vdevice_native_stream.cpp:142] [write_impl] Failed write to stream resnet_v1_50/input_layer1 (device: 0001:01:00.0) with status=HAILO_STREAM_ABORT(63)
[2025-11-24 23:16:42.777] [167331] [HailoRT] [info] [vdevice_native_stream.cpp:331] [read_impl] Failed read from stream HAILO_STREAM_ABORT(63) (device: 0001:01:00.0)
[2025-11-24 23:16:42.777] [167331] [HailoRT] [info] [edge_elements.cpp:396] [run_pull] Reading from stream was aborted!
[2025-11-24 23:16:42.777] [167331] [HailoRT] [info] [queue_elements.cpp:867] [run_in_thread] run_pull of UserBuffQEl0resnet_v1_50/softmax1 was aborted!
[2025-11-24 23:16:42.777] [167335] [HailoRT] [info] [edge_elements.cpp:87] [run_push] Failed to send on input stream InputStream(index=3, name=resnet_v1_50/input_layer1) because stream was aborted
[2025-11-24 23:16:42.777] [167335] [HailoRT] [info] [vstream.cpp:778] [write] Sending to VStream was aborted!
[2025-11-24 23:16:42.777] [167334] [HailoRT] [info] [queue_elements.cpp:834] [run_pull] Shutdown event was signaled in dequeue of queue element UserBuffQEl0resnet_v1_50/softmax1!
[2025-11-24 23:16:42.777] [167334] [HailoRT] [info] [vstream.cpp:1138] [read] Receiving to VStream was shutdown!
[2025-11-24 23:16:42.778] [167331] [HailoRT] [info] [queue_elements.cpp:68] [operator()] Thread in element UserBuffQEl0resnet_v1_50/softmax1 is not running anymore, exiting..
[2025-11-24 23:16:42.778] [167286] [HailoRT] [info] [queue_elements.cpp:46] [~BaseQueueElement] Queue element UserBuffQEl0resnet_v1_50/softmax1 has 0 frames in his Queue on destruction
[2025-11-24 23:16:42.778] [167286] [HailoRT] [info] [core_op.cpp:186] [deactivate] Deactivating took 0.008149 ms
[2025-11-24 23:16:42.778] [167286] [HailoRT] [info] [core_op.cpp:186] [deactivate] Deactivating took 0.023111 ms
[2025-11-24 23:16:43.080] [167286] [HailoRT] [info] [vdevice.cpp:523] [create] Creating vdevice with params: device_count: 1, scheduling_algorithm: NONE, multi_process_service: false
[2025-11-24 23:16:43.091] [167286] [HailoRT] [info] [device.cpp:49] [Device] OS Version: Linux 6.12.34+rpt-rpi-2712 #1 SMP PREEMPT Debian 1:6.12.34-1+rpt1~bookworm (2025-06-26) aarch64
[2025-11-24 23:16:43.093] [167286] [HailoRT] [info] [control.cpp:108] [control__parse_identify_results] firmware_version is: 4.20.0
[2025-11-24 23:16:43.093] [167286] [HailoRT] [info] [vdevice.cpp:651] [create] VDevice Infos: 0001:01:00.0
[2025-11-24 23:16:43.099] [167286] [HailoRT] [info] [internal_buffer_manager.cpp:204] [print_execution_results] Planned internal buffer memory: CMA memory 0, user memory 432128. memory to edge layer usage factor is 1
[2025-11-24 23:16:43.099] [167286] [HailoRT] [info] [internal_buffer_manager.cpp:212] [print_execution_results] Default Internal buffer planner executed successfully
[2025-11-24 23:16:43.130] [167286] [HailoRT] [info] [device_internal.cpp:57] [configure] Configuring HEF took 36.735425 milliseconds
[2025-11-24 23:16:43.130] [167286] [HailoRT] [info] [vdevice.cpp:749] [configure] Configuring HEF on VDevice took 37.030112 milliseconds
[2025-11-24 23:16:43.132] [167286] [HailoRT] [info] [control.cpp:108] [control__parse_identify_results] firmware_version is: 4.20.0
[2025-11-24 23:16:43.133] [167286] [HailoRT] [info] [control.cpp:108] [control__parse_identify_results] firmware_version is: 4.20.0
[2025-11-24 23:16:43.133] [167286] [HailoRT] [info] [core_op.cpp:156] [activate] Activating resnet_v1_50 took 0.23828 milliseconds. Note that the function is asynchronous and thus the network is not fully activated yet.
[2025-11-24 23:16:43.133] [167286] [HailoRT] [info] [core_op.cpp:156] [activate] Activating resnet_v1_50 took 0.255502 milliseconds. Note that the function is asynchronous and thus the network is not fully activated yet.
[2025-11-24 23:16:43.136] [167286] [HailoRT] [info] [control.cpp:108] [control__parse_identify_results] firmware_version is: 4.20.0
[2025-11-24 23:16:43.138] [167286] [HailoRT] [info] [control.cpp:108] [control__parse_identify_results] firmware_version is: 4.20.0
[2025-11-24 23:16:43.138] [167286] [HailoRT] [info] [edge_elements.cpp:52] [create] Created (HwWriteEl3resnet_v1_50/input_layer1 | hw_frame_size: 150528)
[2025-11-24 23:16:43.138] [167286] [HailoRT] [info] [vstream.cpp:754] [InputVStreamImpl] Creating resnet_v1_50/input_layer1...
[2025-11-24 23:16:43.138] [167286] [HailoRT] [info] [vstream_builder.cpp:102] [create_inputs] Input pipeline 'resnet_v1_50/input_layer1': (HwWriteEl3resnet_v1_50/input_layer1 | hw_frame_size: 150528) >> HW
[2025-11-24 23:16:43.138] [167286] [HailoRT] [info] [edge_elements.cpp:287] [create] Created (HwReadEl0resnet_v1_50/softmax1 | hw_frame_size: 1000)
[2025-11-24 23:16:43.138] [167286] [HailoRT] [info] [queue_elements.cpp:800] [create] Created (UserBuffQEl0resnet_v1_50/softmax1 | timeout: 10s)
[2025-11-24 23:16:43.138] [167286] [HailoRT] [info] [vstream.cpp:1114] [OutputVStreamImpl] Creating resnet_v1_50/softmax1...
[2025-11-24 23:16:43.138] [167286] [HailoRT] [info] [vstream_builder.cpp:220] [create_outputs] Output pipeline 'resnet_v1_50/softmax1': HW >> (HwReadEl0resnet_v1_50/softmax1 | hw_frame_size: 1000) >> (UserBuffQEl0resnet_v1_50/softmax1 | timeout: 10s)
[2025-11-24 23:16:58.138] [167428] [HailoRT] [info] [vdevice_native_stream.cpp:331] [read_impl] Failed read from stream HAILO_STREAM_ABORT(63) (device: 0001:01:00.0)
[2025-11-24 23:16:58.138] [167428] [HailoRT] [info] [edge_elements.cpp:396] [run_pull] Reading from stream was aborted!
[2025-11-24 23:16:58.138] [167428] [HailoRT] [info] [queue_elements.cpp:867] [run_in_thread] run_pull of UserBuffQEl0resnet_v1_50/softmax1 was aborted!
[2025-11-24 23:16:58.138] [167431] [HailoRT] [info] [queue_elements.cpp:834] [run_pull] Shutdown event was signaled in dequeue of queue element UserBuffQEl0resnet_v1_50/softmax1!
[2025-11-24 23:16:58.138] [167431] [HailoRT] [info] [vstream.cpp:1138] [read] Receiving to VStream was shutdown!
[2025-11-24 23:16:58.139] [167432] [HailoRT] [info] [vdevice_native_stream.cpp:142] [write_impl] Failed write to stream resnet_v1_50/input_layer1 (device: 0001:01:00.0) with status=HAILO_STREAM_ABORT(63)
[2025-11-24 23:16:58.139] [167432] [HailoRT] [info] [edge_elements.cpp:87] [run_push] Failed to send on input stream InputStream(index=3, name=resnet_v1_50/input_layer1) because stream was aborted
[2025-11-24 23:16:58.139] [167432] [HailoRT] [info] [vstream.cpp:778] [write] Sending to VStream was aborted!
[2025-11-24 23:16:58.139] [167428] [HailoRT] [info] [queue_elements.cpp:68] [operator()] Thread in element UserBuffQEl0resnet_v1_50/softmax1 is not running anymore, exiting..
[2025-11-24 23:16:58.139] [167286] [HailoRT] [info] [queue_elements.cpp:46] [~BaseQueueElement] Queue element UserBuffQEl0resnet_v1_50/softmax1 has 0 frames in his Queue on destruction
[2025-11-24 23:16:58.140] [167286] [HailoRT] [info] [core_op.cpp:186] [deactivate] Deactivating took 0.005759 ms
[2025-11-24 23:16:58.140] [167286] [HailoRT] [info] [core_op.cpp:186] [deactivate] Deactivating took 0.020018 ms
[2025-11-24 23:17:07.185] [167565] [HailoRT] [info] [vdevice.cpp:523] [create] Creating vdevice with params: device_count: 1, scheduling_algorithm: NONE, multi_process_service: false
[2025-11-24 23:17:07.198] [167565] [HailoRT] [info] [device.cpp:49] [Device] OS Version: Linux 6.12.34+rpt-rpi-2712 #1 SMP PREEMPT Debian 1:6.12.34-1+rpt1~bookworm (2025-06-26) aarch64
[2025-11-24 23:17:07.200] [167565] [HailoRT] [info] [control.cpp:108] [control__parse_identify_results] firmware_version is: 4.20.0
[2025-11-24 23:17:07.200] [167565] [HailoRT] [info] [vdevice.cpp:651] [create] VDevice Infos: 0001:01:00.0
[2025-11-24 23:17:07.207] [167565] [HailoRT] [info] [internal_buffer_manager.cpp:204] [print_execution_results] Planned internal buffer memory: CMA memory 0, user memory 1969664. memory to edge layer usage factor is 1
[2025-11-24 23:17:07.207] [167565] [HailoRT] [info] [internal_buffer_manager.cpp:212] [print_execution_results] Default Internal buffer planner executed successfully
[2025-11-24 23:17:07.232] [167565] [HailoRT] [info] [device_internal.cpp:57] [configure] Configuring HEF took 32.029741 milliseconds
[2025-11-24 23:17:07.232] [167565] [HailoRT] [info] [vdevice.cpp:749] [configure] Configuring HEF on VDevice took 32.438985 milliseconds
[2025-11-24 23:17:07.235] [167565] [HailoRT] [info] [control.cpp:108] [control__parse_identify_results] firmware_version is: 4.20.0
[2025-11-24 23:17:07.237] [167565] [HailoRT] [info] [control.cpp:108] [control__parse_identify_results] firmware_version is: 4.20.0
[2025-11-24 23:17:07.238] [167565] [HailoRT] [info] [core_op.cpp:156] [activate] Activating yolov5s_personface took 0.400892 milliseconds. Note that the function is asynchronous and thus the network is not fully activated yet.
[2025-11-24 23:17:07.238] [167565] [HailoRT] [info] [core_op.cpp:156] [activate] Activating yolov5s_personface took 0.428799 milliseconds. Note that the function is asynchronous and thus the network is not fully activated yet.
[2025-11-24 23:17:07.253] [167565] [HailoRT] [info] [control.cpp:108] [control__parse_identify_results] firmware_version is: 4.20.0
[2025-11-24 23:17:07.254] [167565] [HailoRT] [info] [control.cpp:108] [control__parse_identify_results] firmware_version is: 4.20.0
[2025-11-24 23:17:22.255] [167586] [HailoRT] [info] [vdevice_native_stream.cpp:331] [read_impl] Failed read from stream HAILO_STREAM_ABORT(63) (device: 0001:01:00.0)
[2025-11-24 23:17:22.255] [167588] [HailoRT] [info] [vdevice_native_stream.cpp:142] [write_impl] Failed write to stream yolov5s_personface/input_layer1 (device: 0001:01:00.0) with status=HAILO_STREAM_ABORT(63)
[2025-11-24 23:17:22.255] [167585] [HailoRT] [info] [vdevice_native_stream.cpp:331] [read_impl] Failed read from stream HAILO_STREAM_ABORT(63) (device: 0001:01:00.0)
[2025-11-24 23:17:22.255] [167587] [HailoRT] [info] [vdevice_native_stream.cpp:331] [read_impl] Failed read from stream HAILO_STREAM_ABORT(63) (device: 0001:01:00.0)
[2025-11-24 23:17:22.256] [167565] [HailoRT] [info] [core_op.cpp:186] [deactivate] Deactivating took 0.007667 ms
[2025-11-24 23:17:22.256] [167565] [HailoRT] [info] [core_op.cpp:186] [deactivate] Deactivating took 0.034407 ms
[2025-11-24 23:17:22.474] [167565] [HailoRT] [info] [vdevice.cpp:523] [create] Creating vdevice with params: device_count: 1, scheduling_algorithm: NONE, multi_process_service: false
[2025-11-24 23:17:22.487] [167565] [HailoRT] [info] [device.cpp:49] [Device] OS Version: Linux 6.12.34+rpt-rpi-2712 #1 SMP PREEMPT Debian 1:6.12.34-1+rpt1~bookworm (2025-06-26) aarch64
[2025-11-24 23:17:22.489] [167565] [HailoRT] [info] [control.cpp:108] [control__parse_identify_results] firmware_version is: 4.20.0
[2025-11-24 23:17:22.489] [167565] [HailoRT] [info] [vdevice.cpp:651] [create] VDevice Infos: 0001:01:00.0
[2025-11-24 23:17:22.496] [167565] [HailoRT] [info] [internal_buffer_manager.cpp:204] [print_execution_results] Planned internal buffer memory: CMA memory 0, user memory 1969664. memory to edge layer usage factor is 1
[2025-11-24 23:17:22.496] [167565] [HailoRT] [info] [internal_buffer_manager.cpp:212] [print_execution_results] Default Internal buffer planner executed successfully
[2025-11-24 23:17:22.522] [167565] [HailoRT] [info] [device_internal.cpp:57] [configure] Configuring HEF took 32.664894 milliseconds
[2025-11-24 23:17:22.522] [167565] [HailoRT] [info] [vdevice.cpp:749] [configure] Configuring HEF on VDevice took 33.012119 milliseconds
[2025-11-24 23:17:22.524] [167565] [HailoRT] [info] [control.cpp:108] [control__parse_identify_results] firmware_version is: 4.20.0
[2025-11-24 23:17:22.525] [167565] [HailoRT] [info] [control.cpp:108] [control__parse_identify_results] firmware_version is: 4.20.0
[2025-11-24 23:17:22.525] [167565] [HailoRT] [info] [core_op.cpp:156] [activate] Activating yolov5s_personface took 0.376707 milliseconds. Note that the function is asynchronous and thus the network is not fully activated yet.
[2025-11-24 23:17:22.525] [167565] [HailoRT] [info] [core_op.cpp:156] [activate] Activating yolov5s_personface took 0.389891 milliseconds. Note that the function is asynchronous and thus the network is not fully activated yet.
[2025-11-24 23:17:22.541] [167565] [HailoRT] [info] [control.cpp:108] [control__parse_identify_results] firmware_version is: 4.20.0
[2025-11-24 23:17:22.542] [167565] [HailoRT] [info] [control.cpp:108] [control__parse_identify_results] firmware_version is: 4.20.0
[2025-11-24 23:17:22.543] [167565] [HailoRT] [info] [edge_elements.cpp:52] [create] Created (HwWriteEl0yolov5s_personface/input_layer1 | hw_frame_size: 1228800)
[2025-11-24 23:17:22.543] [167565] [HailoRT] [info] [queue_elements.cpp:284] [create] Created (PushQEl0yolov5s_personface/input_layer1 | timeout: 10s)
[2025-11-24 23:17:22.543] [167565] [HailoRT] [info] [filter_elements.cpp:101] [create] Created (PreInferEl0yolov5s_personface/input_layer1 | Reorder - src_order: NHWC, src_shape: (640, 640, 3), dst_order: NHCW, dst_shape: (640, 640, 3))
[2025-11-24 23:17:22.543] [167565] [HailoRT] [info] [vstream.cpp:754] [InputVStreamImpl] Creating yolov5s_personface/input_layer1...
[2025-11-24 23:17:22.543] [167565] [HailoRT] [info] [vstream_builder.cpp:102] [create_inputs] Input pipeline 'yolov5s_personface/input_layer1': (PreInferEl0yolov5s_personface/input_layer1 | Reorder - src_order: NHWC, src_shape: (640, 640, 3), dst_order: NHCW, dst_shape: (640, 640, 3)) >> (PushQEl0yolov5s_personface/input_layer1 | timeout: 10s) >> (HwWriteEl0yolov5s_personface/input_layer1 | hw_frame_size: 1228800) >> HW
[2025-11-24 23:17:22.543] [167565] [HailoRT] [info] [multi_io_elements.cpp:135] [create] Created (NmsPPMuxEl0YOLOv5-Post-Process | Op YOLOV5, Name: YOLOv5-Post-Process, Score threshold: 0.200, IoU threshold: 0.60, Classes: 2, Cross classes: false, NMS results order: BY_CLASS, Max bboxes per class: 80, Image height: 640, Image width: 640)
[2025-11-24 23:17:22.543] [167565] [HailoRT] [info] [edge_elements.cpp:287] [create] Created (HwReadEl2yolov5s_personface/conv55_106 | hw_frame_size: 134400)
[2025-11-24 23:17:22.543] [167565] [HailoRT] [info] [queue_elements.cpp:657] [create] Created (PullQEl_nms2yolov5s_personface/conv55_106 | timeout: 10s)
[2025-11-24 23:17:22.543] [167565] [HailoRT] [info] [edge_elements.cpp:287] [create] Created (HwReadEl0yolov5s_personface/conv63_106 | hw_frame_size: 33600)
[2025-11-24 23:17:22.543] [167565] [HailoRT] [info] [queue_elements.cpp:657] [create] Created (PullQEl_nms0yolov5s_personface/conv63_106 | timeout: 10s)
[2025-11-24 23:17:22.543] [167565] [HailoRT] [info] [edge_elements.cpp:287] [create] Created (HwReadEl1yolov5s_personface/conv70_106 | hw_frame_size: 10080)
[2025-11-24 23:17:22.544] [167565] [HailoRT] [info] [queue_elements.cpp:657] [create] Created (PullQEl_nms1yolov5s_personface/conv70_106 | timeout: 10s)
[2025-11-24 23:17:22.544] [167565] [HailoRT] [info] [queue_elements.cpp:800] [create] Created (UserBufQEl_post_infer0yolov5s_personface/yolov5_nms_postprocess | timeout: 10s)
[2025-11-24 23:17:22.544] [167565] [HailoRT] [info] [vstream.cpp:1114] [OutputVStreamImpl] Creating yolov5s_personface/yolov5_nms_postprocess...
[2025-11-24 23:17:22.544] [167565] [HailoRT] [info] [vstream_builder.cpp:622] [create_output_post_process_nms] Output pipeline 'yolov5s_personface/yolov5_nms_postprocess': HW >> (HwReadEl2yolov5s_personface/conv55_106 | hw_frame_size: 134400) >> (PullQEl_nms2yolov5s_personface/conv55_106) >> (HwReadEl0yolov5s_personface/conv63_106 | hw_frame_size: 33600) >> (PullQEl_nms0yolov5s_personface/conv63_106) >> (HwReadEl1yolov5s_personface/conv70_106 | hw_frame_size: 10080) >> (PullQEl_nms1yolov5s_personface/conv70_106) >> (NmsPPMuxEl0YOLOv5-Post-Process | Op YOLOV5, Name: YOLOv5-Post-Process, Score threshold: 0.200, IoU threshold: 0.60, Classes: 2, Cross classes: false, NMS results order: BY_CLASS, Max bboxes per class: 80, Image height: 640, Image width: 640) >> (UserBufQEl_post_infer0yolov5s_personface/yolov5_nms_postprocess | timeout: 10s)
[2025-11-24 23:17:37.544] [167610] [HailoRT] [info] [vdevice_native_stream.cpp:142] [write_impl] Failed write to stream yolov5s_personface/input_layer1 (device: 0001:01:00.0) with status=HAILO_STREAM_ABORT(63)
[2025-11-24 23:17:37.544] [167612] [HailoRT] [info] [vdevice_native_stream.cpp:331] [read_impl] Failed read from stream HAILO_STREAM_ABORT(63) (device: 0001:01:00.0)
[2025-11-24 23:17:37.544] [167612] [HailoRT] [info] [edge_elements.cpp:396] [run_pull] Reading from stream was aborted!
[2025-11-24 23:17:37.544] [167610] [HailoRT] [info] [edge_elements.cpp:87] [run_push] Failed to send on input stream InputStream(index=0, name=yolov5s_personface/input_layer1) because stream was aborted
[2025-11-24 23:17:37.544] [167611] [HailoRT] [info] [vdevice_native_stream.cpp:331] [read_impl] Failed read from stream HAILO_STREAM_ABORT(63) (device: 0001:01:00.0)
[2025-11-24 23:17:37.544] [167611] [HailoRT] [info] [edge_elements.cpp:396] [run_pull] Reading from stream was aborted!
[2025-11-24 23:17:37.544] [167613] [HailoRT] [info] [vdevice_native_stream.cpp:331] [read_impl] Failed read from stream HAILO_STREAM_ABORT(63) (device: 0001:01:00.0)
[2025-11-24 23:17:37.544] [167613] [HailoRT] [info] [edge_elements.cpp:396] [run_pull] Reading from stream was aborted!
[2025-11-24 23:17:37.544] [167612] [HailoRT] [info] [queue_elements.cpp:738] [run_in_thread] run_pull of queue element PullQEl_nms0yolov5s_personface/conv63_106 was aborted!
[2025-11-24 23:17:37.544] [167611] [HailoRT] [info] [queue_elements.cpp:738] [run_in_thread] run_pull of queue element PullQEl_nms2yolov5s_personface/conv55_106 was aborted!
[2025-11-24 23:17:37.544] [167613] [HailoRT] [info] [queue_elements.cpp:738] [run_in_thread] run_pull of queue element PullQEl_nms1yolov5s_personface/conv70_106 was aborted!
[2025-11-24 23:17:37.544] [167610] [HailoRT] [info] [queue_elements.cpp:401] [run_in_thread] run_push of PushQEl0yolov5s_personface/input_layer1 was aborted!
[2025-11-24 23:17:37.544] [167617] [HailoRT] [info] [queue_elements.cpp:706] [run_pull] Shutdown event was signaled in dequeue of queue element PullQEl_nms2yolov5s_personface/conv55_106!
[2025-11-24 23:17:37.544] [167617] [HailoRT] [info] [vstream.cpp:1138] [read] Receiving to VStream was shutdown!
[2025-11-24 23:17:37.545] [167618] [HailoRT] [info] [queue_elements.cpp:319] [run_push] run_push of PushQEl0yolov5s_personface/input_layer1 was aborted!
[2025-11-24 23:17:37.545] [167618] [HailoRT] [info] [filter_elements.cpp:35] [run_push] run_push of PreInferEl0yolov5s_personface/input_layer1 was aborted!
[2025-11-24 23:17:37.545] [167618] [HailoRT] [info] [vstream.cpp:778] [write] Sending to VStream was aborted!
[2025-11-24 23:17:37.545] [167565] [HailoRT] [info] [queue_elements.cpp:360] [execute_deactivate] enqueue() in element PushQEl0yolov5s_personface/input_layer1 was aborted, got status = HAILO_SHUTDOWN_EVENT_SIGNALED(57)
[2025-11-24 23:17:37.545] [167610] [HailoRT] [info] [queue_elements.cpp:68] [operator()] Thread in element PushQEl0yolov5s_personface/input_layer1 is not running anymore, exiting..
[2025-11-24 23:17:37.546] [167565] [HailoRT] [info] [queue_elements.cpp:46] [~BaseQueueElement] Queue element PushQEl0yolov5s_personface/input_layer1 has 1 frames in his Queue on destruction
[2025-11-24 23:17:37.546] [167614] [HailoRT] [info] [queue_elements.cpp:68] [operator()] Thread in element UserBufQEl_post_infer0yolov5s_personface/yolov5_nms_postprocess is not running anymore, exiting..
[2025-11-24 23:17:37.546] [167565] [HailoRT] [info] [queue_elements.cpp:46] [~BaseQueueElement] Queue element UserBufQEl_post_infer0yolov5s_personface/yolov5_nms_postprocess has 0 frames in his Queue on destruction
[2025-11-24 23:17:37.546] [167613] [HailoRT] [info] [queue_elements.cpp:68] [operator()] Thread in element PullQEl_nms1yolov5s_personface/conv70_106 is not running anymore, exiting..
[2025-11-24 23:17:37.546] [167565] [HailoRT] [info] [queue_elements.cpp:46] [~BaseQueueElement] Queue element PullQEl_nms1yolov5s_personface/conv70_106 has 0 frames in his Queue on destruction
[2025-11-24 23:17:37.546] [167612] [HailoRT] [info] [queue_elements.cpp:68] [operator()] Thread in element PullQEl_nms0yolov5s_personface/conv63_106 is not running anymore, exiting..
[2025-11-24 23:17:37.546] [167565] [HailoRT] [info] [queue_elements.cpp:46] [~BaseQueueElement] Queue element PullQEl_nms0yolov5s_personface/conv63_106 has 0 frames in his Queue on destruction
[2025-11-24 23:17:37.546] [167611] [HailoRT] [info] [queue_elements.cpp:68] [operator()] Thread in element PullQEl_nms2yolov5s_personface/conv55_106 is not running anymore, exiting..
[2025-11-24 23:17:37.546] [167565] [HailoRT] [info] [queue_elements.cpp:46] [~BaseQueueElement] Queue element PullQEl_nms2yolov5s_personface/conv55_106 has 0 frames in his Queue on destruction
[2025-11-24 23:17:37.546] [167565] [HailoRT] [info] [core_op.cpp:186] [deactivate] Deactivating took 0.009111 ms
[2025-11-24 23:17:37.546] [167565] [HailoRT] [info] [core_op.cpp:186] [deactivate] Deactivating took 0.02376 ms
[2025-11-24 23:17:37.727] [167565] [HailoRT] [info] [vdevice.cpp:523] [create] Creating vdevice with params: device_count: 1, scheduling_algorithm: NONE, multi_process_service: false
[2025-11-24 23:17:37.739] [167565] [HailoRT] [info] [device.cpp:49] [Device] OS Version: Linux 6.12.34+rpt-rpi-2712 #1 SMP PREEMPT Debian 1:6.12.34-1+rpt1~bookworm (2025-06-26) aarch64
[2025-11-24 23:17:37.741] [167565] [HailoRT] [info] [control.cpp:108] [control__parse_identify_results] firmware_version is: 4.20.0
[2025-11-24 23:17:37.741] [167565] [HailoRT] [info] [vdevice.cpp:651] [create] VDevice Infos: 0001:01:00.0
[2025-11-24 23:17:37.748] [167565] [HailoRT] [info] [internal_buffer_manager.cpp:204] [print_execution_results] Planned internal buffer memory: CMA memory 0, user memory 1969664. memory to edge layer usage factor is 1
[2025-11-24 23:17:37.748] [167565] [HailoRT] [info] [internal_buffer_manager.cpp:212] [print_execution_results] Default Internal buffer planner executed successfully
[2025-11-24 23:17:37.773] [167565] [HailoRT] [info] [device_internal.cpp:57] [configure] Configuring HEF took 32.163095 milliseconds
[2025-11-24 23:17:37.773] [167565] [HailoRT] [info] [vdevice.cpp:749] [configure] Configuring HEF on VDevice took 32.500745 milliseconds
[2025-11-24 23:17:37.775] [167565] [HailoRT] [info] [control.cpp:108] [control__parse_identify_results] firmware_version is: 4.20.0
[2025-11-24 23:17:37.777] [167565] [HailoRT] [info] [control.cpp:108] [control__parse_identify_results] firmware_version is: 4.20.0
[2025-11-24 23:17:37.777] [167565] [HailoRT] [info] [core_op.cpp:156] [activate] Activating yolov5s_personface took 0.396152 milliseconds. Note that the function is asynchronous and thus the network is not fully activated yet.
[2025-11-24 23:17:37.777] [167565] [HailoRT] [info] [core_op.cpp:156] [activate] Activating yolov5s_personface took 0.41391 milliseconds. Note that the function is asynchronous and thus the network is not fully activated yet.
[2025-11-24 23:17:37.792] [167565] [HailoRT] [info] [control.cpp:108] [control__parse_identify_results] firmware_version is: 4.20.0
[2025-11-24 23:17:37.794] [167565] [HailoRT] [info] [control.cpp:108] [control__parse_identify_results] firmware_version is: 4.20.0
[2025-11-24 23:17:37.794] [167565] [HailoRT] [info] [edge_elements.cpp:52] [create] Created (HwWriteEl0yolov5s_personface/input_layer1 | hw_frame_size: 1228800)
[2025-11-24 23:17:37.794] [167565] [HailoRT] [info] [queue_elements.cpp:284] [create] Created (PushQEl0yolov5s_personface/input_layer1 | timeout: 10s)
[2025-11-24 23:17:37.794] [167565] [HailoRT] [info] [filter_elements.cpp:101] [create] Created (PreInferEl0yolov5s_personface/input_layer1 | Reorder - src_order: NHWC, src_shape: (640, 640, 3), dst_order: NHCW, dst_shape: (640, 640, 3))
[2025-11-24 23:17:37.794] [167565] [HailoRT] [info] [vstream.cpp:754] [InputVStreamImpl] Creating yolov5s_personface/input_layer1...
[2025-11-24 23:17:37.794] [167565] [HailoRT] [info] [vstream_builder.cpp:102] [create_inputs] Input pipeline 'yolov5s_personface/input_layer1': (PreInferEl0yolov5s_personface/input_layer1 | Reorder - src_order: NHWC, src_shape: (640, 640, 3), dst_order: NHCW, dst_shape: (640, 640, 3)) >> (PushQEl0yolov5s_personface/input_layer1 | timeout: 10s) >> (HwWriteEl0yolov5s_personface/input_layer1 | hw_frame_size: 1228800) >> HW
[2025-11-24 23:17:37.794] [167565] [HailoRT] [info] [multi_io_elements.cpp:135] [create] Created (NmsPPMuxEl0YOLOv5-Post-Process | Op YOLOV5, Name: YOLOv5-Post-Process, Score threshold: 0.200, IoU threshold: 0.60, Classes: 2, Cross classes: false, NMS results order: BY_CLASS, Max bboxes per class: 80, Image height: 640, Image width: 640)
[2025-11-24 23:17:37.794] [167565] [HailoRT] [info] [edge_elements.cpp:287] [create] Created (HwReadEl2yolov5s_personface/conv55_106 | hw_frame_size: 134400)
[2025-11-24 23:17:37.794] [167565] [HailoRT] [info] [queue_elements.cpp:657] [create] Created (PullQEl_nms2yolov5s_personface/conv55_106 | timeout: 10s)
[2025-11-24 23:17:37.794] [167565] [HailoRT] [info] [edge_elements.cpp:287] [create] Created (HwReadEl0yolov5s_personface/conv63_106 | hw_frame_size: 33600)
[2025-11-24 23:17:37.794] [167565] [HailoRT] [info] [queue_elements.cpp:657] [create] Created (PullQEl_nms0yolov5s_personface/conv63_106 | timeout: 10s)
[2025-11-24 23:17:37.795] [167565] [HailoRT] [info] [edge_elements.cpp:287] [create] Created (HwReadEl1yolov5s_personface/conv70_106 | hw_frame_size: 10080)
[2025-11-24 23:17:37.795] [167565] [HailoRT] [info] [queue_elements.cpp:657] [create] Created (PullQEl_nms1yolov5s_personface/conv70_106 | timeout: 10s)
[2025-11-24 23:17:37.795] [167565] [HailoRT] [info] [queue_elements.cpp:800] [create] Created (UserBufQEl_post_infer0yolov5s_personface/yolov5_nms_postprocess | timeout: 10s)
[2025-11-24 23:17:37.795] [167565] [HailoRT] [info] [vstream.cpp:1114] [OutputVStreamImpl] Creating yolov5s_personface/yolov5_nms_postprocess...
[2025-11-24 23:17:37.795] [167565] [HailoRT] [info] [vstream_builder.cpp:622] [create_output_post_process_nms] Output pipeline 'yolov5s_personface/yolov5_nms_postprocess': HW >> (HwReadEl2yolov5s_personface/conv55_106 | hw_frame_size: 134400) >> (PullQEl_nms2yolov5s_personface/conv55_106) >> (HwReadEl0yolov5s_personface/conv63_106 | hw_frame_size: 33600) >> (PullQEl_nms0yolov5s_personface/conv63_106) >> (HwReadEl1yolov5s_personface/conv70_106 | hw_frame_size: 10080) >> (PullQEl_nms1yolov5s_personface/conv70_106) >> (NmsPPMuxEl0YOLOv5-Post-Process | Op YOLOV5, Name: YOLOv5-Post-Process, Score threshold: 0.200, IoU threshold: 0.60, Classes: 2, Cross classes: false, NMS results order: BY_CLASS, Max bboxes per class: 80, Image height: 640, Image width: 640) >> (UserBufQEl_post_infer0yolov5s_personface/yolov5_nms_postprocess | timeout: 10s)
[2025-11-24 23:17:52.795] [167728] [HailoRT] [info] [vdevice_native_stream.cpp:331] [read_impl] Failed read from stream HAILO_STREAM_ABORT(63) (device: 0001:01:00.0)
[2025-11-24 23:17:52.795] [167728] [HailoRT] [info] [edge_elements.cpp:396] [run_pull] Reading from stream was aborted!
[2025-11-24 23:17:52.795] [167727] [HailoRT] [info] [vdevice_native_stream.cpp:331] [read_impl] Failed read from stream HAILO_STREAM_ABORT(63) (device: 0001:01:00.0)
[2025-11-24 23:17:52.795] [167728] [HailoRT] [info] [queue_elements.cpp:738] [run_in_thread] run_pull of queue element PullQEl_nms1yolov5s_personface/conv70_106 was aborted!
[2025-11-24 23:17:52.795] [167727] [HailoRT] [info] [edge_elements.cpp:396] [run_pull] Reading from stream was aborted!
[2025-11-24 23:17:52.795] [167726] [HailoRT] [info] [vdevice_native_stream.cpp:331] [read_impl] Failed read from stream HAILO_STREAM_ABORT(63) (device: 0001:01:00.0)
[2025-11-24 23:17:52.795] [167726] [HailoRT] [info] [edge_elements.cpp:396] [run_pull] Reading from stream was aborted!
[2025-11-24 23:17:52.795] [167727] [HailoRT] [info] [queue_elements.cpp:738] [run_in_thread] run_pull of queue element PullQEl_nms0yolov5s_personface/conv63_106 was aborted!
[2025-11-24 23:17:52.795] [167726] [HailoRT] [info] [queue_elements.cpp:738] [run_in_thread] run_pull of queue element PullQEl_nms2yolov5s_personface/conv55_106 was aborted!
[2025-11-24 23:17:52.795] [167732] [HailoRT] [info] [queue_elements.cpp:706] [run_pull] Shutdown event was signaled in dequeue of queue element PullQEl_nms2yolov5s_personface/conv55_106!
[2025-11-24 23:17:52.795] [167732] [HailoRT] [info] [vstream.cpp:1138] [read] Receiving to VStream was shutdown!
[2025-11-24 23:17:52.797] [167725] [HailoRT] [info] [vdevice_native_stream.cpp:142] [write_impl] Failed write to stream yolov5s_personface/input_layer1 (device: 0001:01:00.0) with status=HAILO_STREAM_ABORT(63)
[2025-11-24 23:17:52.797] [167725] [HailoRT] [info] [edge_elements.cpp:87] [run_push] Failed to send on input stream InputStream(index=0, name=yolov5s_personface/input_layer1) because stream was aborted
[2025-11-24 23:17:52.797] [167725] [HailoRT] [info] [queue_elements.cpp:401] [run_in_thread] run_push of PushQEl0yolov5s_personface/input_layer1 was aborted!
[2025-11-24 23:17:52.799] [167733] [HailoRT] [info] [queue_elements.cpp:319] [run_push] run_push of PushQEl0yolov5s_personface/input_layer1 was aborted!
[2025-11-24 23:17:52.799] [167733] [HailoRT] [info] [filter_elements.cpp:35] [run_push] run_push of PreInferEl0yolov5s_personface/input_layer1 was aborted!
[2025-11-24 23:17:52.799] [167733] [HailoRT] [info] [vstream.cpp:778] [write] Sending to VStream was aborted!
[2025-11-24 23:17:52.801] [167565] [HailoRT] [info] [queue_elements.cpp:360] [execute_deactivate] enqueue() in element PushQEl0yolov5s_personface/input_layer1 was aborted, got status = HAILO_SHUTDOWN_EVENT_SIGNALED(57)
[2025-11-24 23:17:52.801] [167725] [HailoRT] [info] [queue_elements.cpp:68] [operator()] Thread in element PushQEl0yolov5s_personface/input_layer1 is not running anymore, exiting..
[2025-11-24 23:17:52.801] [167565] [HailoRT] [info] [queue_elements.cpp:46] [~BaseQueueElement] Queue element PushQEl0yolov5s_personface/input_layer1 has 0 frames in his Queue on destruction
[2025-11-24 23:17:52.801] [167729] [HailoRT] [info] [queue_elements.cpp:68] [operator()] Thread in element UserBufQEl_post_infer0yolov5s_personface/yolov5_nms_postprocess is not running anymore, exiting..
[2025-11-24 23:17:52.801] [167565] [HailoRT] [info] [queue_elements.cpp:46] [~BaseQueueElement] Queue element UserBufQEl_post_infer0yolov5s_personface/yolov5_nms_postprocess has 0 frames in his Queue on destruction
[2025-11-24 23:17:52.801] [167728] [HailoRT] [info] [queue_elements.cpp:68] [operator()] Thread in element PullQEl_nms1yolov5s_personface/conv70_106 is not running anymore, exiting..
[2025-11-24 23:17:52.801] [167565] [HailoRT] [info] [queue_elements.cpp:46] [~BaseQueueElement] Queue element PullQEl_nms1yolov5s_personface/conv70_106 has 0 frames in his Queue on destruction
[2025-11-24 23:17:52.802] [167727] [HailoRT] [info] [queue_elements.cpp:68] [operator()] Thread in element PullQEl_nms0yolov5s_personface/conv63_106 is not running anymore, exiting..
[2025-11-24 23:17:52.802] [167565] [HailoRT] [info] [queue_elements.cpp:46] [~BaseQueueElement] Queue element PullQEl_nms0yolov5s_personface/conv63_106 has 0 frames in his Queue on destruction
[2025-11-24 23:17:52.802] [167726] [HailoRT] [info] [queue_elements.cpp:68] [operator()] Thread in element PullQEl_nms2yolov5s_personface/conv55_106 is not running anymore, exiting..
[2025-11-24 23:17:52.802] [167565] [HailoRT] [info] [queue_elements.cpp:46] [~BaseQueueElement] Queue element PullQEl_nms2yolov5s_personface/conv55_106 has 0 frames in his Queue on destruction
[2025-11-24 23:17:52.802] [167565] [HailoRT] [info] [core_op.cpp:186] [deactivate] Deactivating took 0.013703 ms
[2025-11-24 23:17:52.802] [167565] [HailoRT] [info] [core_op.cpp:186] [deactivate] Deactivating took 0.034 ms
[2025-11-24 23:41:06.142] [171099] [HailoRT] [info] [device.cpp:49] [Device] OS Version: Linux 6.12.34+rpt-rpi-2712 #1 SMP PREEMPT Debian 1:6.12.34-1+rpt1~bookworm (2025-06-26) aarch64
[2025-11-24 23:41:06.144] [171099] [HailoRT] [info] [control.cpp:108] [control__parse_identify_results] firmware_version is: 4.20.0
[2025-11-24 23:41:06.145] [171099] [HailoRT] [info] [control.cpp:108] [control__parse_identify_results] firmware_version is: 4.20.0
[2025-11-24 23:42:37.693] [172423] [HailoRT] [info] [device.cpp:49] [Device] OS Version: Linux 6.12.34+rpt-rpi-2712 #1 SMP PREEMPT Debian 1:6.12.34-1+rpt1~bookworm (2025-06-26) aarch64
[2025-11-24 23:42:37.695] [172423] [HailoRT] [info] [control.cpp:108] [control__parse_identify_results] firmware_version is: 4.20.0
[2025-11-24 23:42:37.697] [172423] [HailoRT] [info] [control.cpp:108] [control__parse_identify_results] firmware_version is: 4.20.0
